<?xml version="1.0" encoding="UTF-8"?>
<!-- Generated by org.testng.reporters.JUnitReportReporter -->
<testsuite hostname="WjoistG" failures="0" tests="1" name="GroupIdMaven12.ArtifactIdMaven12_SeleniumJava_WebdriverManager_TestNG_Slf4j_simple_POM.AppTest2" time="0.027" errors="0" timestamp="2024-04-22T18:27:05 SGT" skipped="0">
  <testcase classname="GroupIdMaven12.ArtifactIdMaven12_SeleniumJava_WebdriverManager_TestNG_Slf4j_simple_POM.AppTest2" name="shouldAnswerWithTrue" time="0.027"/>
  <system-out/>
</testsuite> <!-- GroupIdMaven12.ArtifactIdMaven12_SeleniumJava_WebdriverManager_TestNG_Slf4j_simple_POM.AppTest2 -->
