<?xml version="1.0" encoding="UTF-8"?>
<!-- Generated by org.testng.reporters.JUnitReportReporter -->
<testsuite hostname="WjoistG" failures="0" tests="1" name="TestCases.TricentisRegistrationPositiveFlowTest" time="18.969" errors="0" timestamp="2024-04-23T01:15:33 SGT" skipped="0">
  <testcase classname="TestCases.TricentisRegistrationPositiveFlowTest" name="testRegistrationFlow" time="18.969"/>
  <system-out/>
</testsuite> <!-- TestCases.TricentisRegistrationPositiveFlowTest -->
